2024-06-11T22:43:10.767771-0300 INFO Chamando função 'pipeline_calcular_kpi_de_vendas_consolidado' com args ('data', ['csv', 'parquet']) e kwargs {} utils_log.py
2024-06-11T22:43:10.767771-0300 INFO Chamando função 'extrair_dados_e_consolidar' com args ('data',) e kwargs {} utils_log.py
2024-06-11T22:43:10.788768-0300 INFO Função 'extrair_dados_e_consolidar' retornou             Produto    Categoria  Quantidade  Venda        Data
0    Notebook Gamer  Eletrônicos           3   1500  2023-01-15
1     Mouse Sem Fio  Eletrônicos          10     30  2023-01-15
2  Teclado Mecânico  Eletrônicos           5    100  2023-01-15 utils_log.py
2024-06-11T22:43:10.795774-0300 INFO Chamando função 'calcular_kpi_de_total_de_vendas' com args (            Produto    Categoria  Quantidade  Venda        Data
0    Notebook Gamer  Eletrônicos           3   1500  2023-01-15
1     Mouse Sem Fio  Eletrônicos          10     30  2023-01-15
2  Teclado Mecânico  Eletrônicos           5    100  2023-01-15,) e kwargs {} utils_log.py
2024-06-11T22:43:10.803770-0300 INFO Função 'calcular_kpi_de_total_de_vendas' retornou             Produto    Categoria  Quantidade  Venda        Data  Total
0    Notebook Gamer  Eletrônicos           3   1500  2023-01-15   4500
1     Mouse Sem Fio  Eletrônicos          10     30  2023-01-15    300
2  Teclado Mecânico  Eletrônicos           5    100  2023-01-15    500 utils_log.py
2024-06-11T22:43:10.811778-0300 INFO Chamando função 'carregar_dados' com args (            Produto    Categoria  Quantidade  Venda        Data  Total
0    Notebook Gamer  Eletrônicos           3   1500  2023-01-15   4500
1     Mouse Sem Fio  Eletrônicos          10     30  2023-01-15    300
2  Teclado Mecânico  Eletrônicos           5    100  2023-01-15    500, ['csv', 'parquet']) e kwargs {} utils_log.py
2024-06-11T22:43:10.821772-0300 ERROR Exceção capturada em 'carregar_dados': Unable to find a usable engine; tried using: 'pyarrow', 'fastparquet'.
A suitable version of pyarrow or fastparquet is required for parquet support.
Trying to import the above resulted in these errors:
 - Missing optional dependency 'pyarrow'. pyarrow is required for parquet support. Use pip or conda to install pyarrow.
 - Missing optional dependency 'fastparquet'. fastparquet is required for parquet support. Use pip or conda to install fastparquet. utils_log.py
Traceback (most recent call last):

  File "C:\Users\Eduardo\Documents\workspace\aula09_bootcamp\pipeline.py", line 7, in <module>
    pipeline_calcular_kpi_de_vendas_consolidado(pasta_argumento, formato_de_saida)
    │                                           │                └ ['csv', 'parquet']
    │                                           └ 'data'
    └ <function pipeline_calcular_kpi_de_vendas_consolidado at 0x000001D74D98F100>

  File "C:\Users\Eduardo\Documents\workspace\aula09_bootcamp\utils_log.py", line 23, in wrapper
    result = func(*args, **kwargs)
             │     │       └ {}
             │     └ ('data', ['csv', 'parquet'])
             └ <function pipeline_calcular_kpi_de_vendas_consolidado at 0x000001D74D98F060>

  File "C:\Users\Eduardo\Documents\workspace\aula09_bootcamp\etl.py", line 45, in pipeline_calcular_kpi_de_vendas_consolidado
    carregar_dados(data_frame_calculado, formato_de_saida)
    │              │                     └ ['csv', 'parquet']
    │              └             Produto    Categoria  Quantidade  Venda        Data  Total
    │                0    Notebook Gamer  Eletrônicos           3   1500  2...
    └ <function carregar_dados at 0x000001D74D98EFC0>

> File "C:\Users\Eduardo\Documents\workspace\aula09_bootcamp\utils_log.py", line 23, in wrapper
    result = func(*args, **kwargs)
             │     │       └ {}
             │     └ (            Produto    Categoria  Quantidade  Venda        Data  Total
             │       0    Notebook Gamer  Eletrônicos           3   1500  ...
             └ <function carregar_dados at 0x000001D74D98C220>

  File "C:\Users\Eduardo\Documents\workspace\aula09_bootcamp\etl.py", line 38, in carregar_dados
    df.to_parquet("dados.parquet", index=False)
    │  └ <function DataFrame.to_parquet at 0x000001D74C41B7E0>
    └             Produto    Categoria  Quantidade  Venda        Data  Total
      0    Notebook Gamer  Eletrônicos           3   1500  2...

  File "C:\Users\Eduardo\Documents\workspace\aula09_bootcamp\.venv\Lib\site-packages\pandas\util\_decorators.py", line 333, in wrapper
    return func(*args, **kwargs)
           │     │       └ {'index': False}
           │     └ (            Produto    Categoria  Quantidade  Venda        Data  Total
           │       0    Notebook Gamer  Eletrônicos           3   1500  ...
           └ <function DataFrame.to_parquet at 0x000001D74C41B740>
  File "C:\Users\Eduardo\Documents\workspace\aula09_bootcamp\.venv\Lib\site-packages\pandas\core\frame.py", line 3113, in to_parquet
    return to_parquet(
           └ <function to_parquet at 0x000001D74C679A80>
  File "C:\Users\Eduardo\Documents\workspace\aula09_bootcamp\.venv\Lib\site-packages\pandas\io\parquet.py", line 476, in to_parquet
    impl = get_engine(engine)
           │          └ 'auto'
           └ <function get_engine at 0x000001D74C679260>
  File "C:\Users\Eduardo\Documents\workspace\aula09_bootcamp\.venv\Lib\site-packages\pandas\io\parquet.py", line 67, in get_engine
    raise ImportError(

ImportError: Unable to find a usable engine; tried using: 'pyarrow', 'fastparquet'.
A suitable version of pyarrow or fastparquet is required for parquet support.
Trying to import the above resulted in these errors:
 - Missing optional dependency 'pyarrow'. pyarrow is required for parquet support. Use pip or conda to install pyarrow.
 - Missing optional dependency 'fastparquet'. fastparquet is required for parquet support. Use pip or conda to install fastparquet.
2024-06-11T22:43:10.921772-0300 ERROR Exceção capturada em 'pipeline_calcular_kpi_de_vendas_consolidado': Unable to find a usable engine; tried using: 'pyarrow', 'fastparquet'.
A suitable version of pyarrow or fastparquet is required for parquet support.
Trying to import the above resulted in these errors:
 - Missing optional dependency 'pyarrow'. pyarrow is required for parquet support. Use pip or conda to install pyarrow.
 - Missing optional dependency 'fastparquet'. fastparquet is required for parquet support. Use pip or conda to install fastparquet. utils_log.py
Traceback (most recent call last):

  File "C:\Users\Eduardo\Documents\workspace\aula09_bootcamp\pipeline.py", line 7, in <module>
    pipeline_calcular_kpi_de_vendas_consolidado(pasta_argumento, formato_de_saida)
    │                                           │                └ ['csv', 'parquet']
    │                                           └ 'data'
    └ <function pipeline_calcular_kpi_de_vendas_consolidado at 0x000001D74D98F100>

> File "C:\Users\Eduardo\Documents\workspace\aula09_bootcamp\utils_log.py", line 23, in wrapper
    result = func(*args, **kwargs)
             │     │       └ {}
             │     └ ('data', ['csv', 'parquet'])
             └ <function pipeline_calcular_kpi_de_vendas_consolidado at 0x000001D74D98F060>

  File "C:\Users\Eduardo\Documents\workspace\aula09_bootcamp\etl.py", line 45, in pipeline_calcular_kpi_de_vendas_consolidado
    carregar_dados(data_frame_calculado, formato_de_saida)
    │              │                     └ ['csv', 'parquet']
    │              └             Produto    Categoria  Quantidade  Venda        Data  Total
    │                0    Notebook Gamer  Eletrônicos           3   1500  2...
    └ <function carregar_dados at 0x000001D74D98EFC0>

  File "C:\Users\Eduardo\Documents\workspace\aula09_bootcamp\utils_log.py", line 23, in wrapper
    result = func(*args, **kwargs)
             │     │       └ {}
             │     └ (            Produto    Categoria  Quantidade  Venda        Data  Total
             │       0    Notebook Gamer  Eletrônicos           3   1500  ...
             └ <function carregar_dados at 0x000001D74D98C220>

  File "C:\Users\Eduardo\Documents\workspace\aula09_bootcamp\etl.py", line 38, in carregar_dados
    df.to_parquet("dados.parquet", index=False)
    │  └ <function DataFrame.to_parquet at 0x000001D74C41B7E0>
    └             Produto    Categoria  Quantidade  Venda        Data  Total
      0    Notebook Gamer  Eletrônicos           3   1500  2...

  File "C:\Users\Eduardo\Documents\workspace\aula09_bootcamp\.venv\Lib\site-packages\pandas\util\_decorators.py", line 333, in wrapper
    return func(*args, **kwargs)
           │     │       └ {'index': False}
           │     └ (            Produto    Categoria  Quantidade  Venda        Data  Total
           │       0    Notebook Gamer  Eletrônicos           3   1500  ...
           └ <function DataFrame.to_parquet at 0x000001D74C41B740>
  File "C:\Users\Eduardo\Documents\workspace\aula09_bootcamp\.venv\Lib\site-packages\pandas\core\frame.py", line 3113, in to_parquet
    return to_parquet(
           └ <function to_parquet at 0x000001D74C679A80>
  File "C:\Users\Eduardo\Documents\workspace\aula09_bootcamp\.venv\Lib\site-packages\pandas\io\parquet.py", line 476, in to_parquet
    impl = get_engine(engine)
           │          └ 'auto'
           └ <function get_engine at 0x000001D74C679260>
  File "C:\Users\Eduardo\Documents\workspace\aula09_bootcamp\.venv\Lib\site-packages\pandas\io\parquet.py", line 67, in get_engine
    raise ImportError(

ImportError: Unable to find a usable engine; tried using: 'pyarrow', 'fastparquet'.
A suitable version of pyarrow or fastparquet is required for parquet support.
Trying to import the above resulted in these errors:
 - Missing optional dependency 'pyarrow'. pyarrow is required for parquet support. Use pip or conda to install pyarrow.
 - Missing optional dependency 'fastparquet'. fastparquet is required for parquet support. Use pip or conda to install fastparquet.
2024-06-11T22:45:05.767520-0300 INFO Chamando função 'pipeline_calcular_kpi_de_vendas_consolidado' com args ('data', ['csv', 'parquet']) e kwargs {} utils_log.py
2024-06-11T22:45:05.768522-0300 INFO Chamando função 'extrair_dados_e_consolidar' com args ('data',) e kwargs {} utils_log.py
2024-06-11T22:45:05.781522-0300 INFO Função 'extrair_dados_e_consolidar' retornou             Produto    Categoria  Quantidade  Venda        Data
0    Notebook Gamer  Eletrônicos           3   1500  2023-01-15
1     Mouse Sem Fio  Eletrônicos          10     30  2023-01-15
2  Teclado Mecânico  Eletrônicos           5    100  2023-01-15 utils_log.py
2024-06-11T22:45:05.788524-0300 INFO Chamando função 'calcular_kpi_de_total_de_vendas' com args (            Produto    Categoria  Quantidade  Venda        Data
0    Notebook Gamer  Eletrônicos           3   1500  2023-01-15
1     Mouse Sem Fio  Eletrônicos          10     30  2023-01-15
2  Teclado Mecânico  Eletrônicos           5    100  2023-01-15,) e kwargs {} utils_log.py
2024-06-11T22:45:05.798528-0300 INFO Função 'calcular_kpi_de_total_de_vendas' retornou             Produto    Categoria  Quantidade  Venda        Data  Total
0    Notebook Gamer  Eletrônicos           3   1500  2023-01-15   4500
1     Mouse Sem Fio  Eletrônicos          10     30  2023-01-15    300
2  Teclado Mecânico  Eletrônicos           5    100  2023-01-15    500 utils_log.py
2024-06-11T22:45:05.807523-0300 INFO Chamando função 'carregar_dados' com args (            Produto    Categoria  Quantidade  Venda        Data  Total
0    Notebook Gamer  Eletrônicos           3   1500  2023-01-15   4500
1     Mouse Sem Fio  Eletrônicos          10     30  2023-01-15    300
2  Teclado Mecânico  Eletrônicos           5    100  2023-01-15    500, ['csv', 'parquet']) e kwargs {} utils_log.py
2024-06-11T22:45:06.064524-0300 INFO Função 'carregar_dados' retornou None utils_log.py
2024-06-11T22:45:06.065528-0300 INFO Função 'pipeline_calcular_kpi_de_vendas_consolidado' retornou None utils_log.py
